<?xml version="1.0" encoding="UTF-8"?>
<!-- Generated by org.testng.reporters.JUnitReportReporter -->
<testsuite skipped="0" hostname="DESKTOP-2VNU09Q" name="com.php.tetcases.LoginPageTest" tests="3" failures="0" timestamp="2025-04-08T01:10:00 IST" time="29.355" errors="0">
  <testcase name="filllogindetails" time="9.288" classname="com.php.tetcases.LoginPageTest"/>
  <system-out/>
  <testcase name="filllogindetails" time="10.451" classname="com.php.tetcases.LoginPageTest"/>
  <system-out/>
  <testcase name="pageTitleTest" time="9.616" classname="com.php.tetcases.LoginPageTest"/>
  <system-out/>
</testsuite> <!-- com.php.tetcases.LoginPageTest -->
