<?xml version="1.0" encoding="UTF-8"?>
<!-- Generated by org.testng.reporters.JUnitReportReporter -->
<testsuite skipped="0" hostname="DESKTOP-2VNU09Q" name="com.php.tetcases.LoginPageTest" tests="1" failures="0" timestamp="10 Oct 2022 13:55:46 GMT" time="10.588" errors="0">
  <testcase name="pageTitleTest" time="10.588" classname="com.php.tetcases.LoginPageTest"/>
</testsuite> <!-- com.php.tetcases.LoginPageTest -->
